<!DOCTYPE html>

<html>
  <head>
  <title>TestNG reports</title>

    <link type="text/css" href="testng-reports.css" rel="stylesheet" />  
    <script type="text/javascript" src="jquery-1.7.1.min.js"></script>
    <script type="text/javascript" src="testng-reports.js"></script>
    <script type="text/javascript" src="https://www.google.com/jsapi"></script>
    <script type='text/javascript'>
      google.load('visualization', '1', {packages:['table']});
      google.setOnLoadCallback(drawTable);
      var suiteTableInitFunctions = new Array();
      var suiteTableData = new Array();
    </script>
    <!--
      <script type="text/javascript" src="jquery-ui/js/jquery-ui-1.8.16.custom.min.js"></script>
     -->
  </head>

  <body>
    <div class="top-banner-root">
      <span class="top-banner-title-font">Test results</span>
      <br/>
      <span class="top-banner-font-1">1 suite, 5 failed tests</span>
    </div> <!-- top-banner-root -->
    <div class="navigator-root">
      <div class="navigator-suite-header">
        <span>All suites</span>
        <a href="#" class="collapse-all-link" title="Collapse/expand all the suites">
          <img class="collapse-all-icon" src="collapseall.gif">
          </img> <!-- collapse-all-icon -->
        </a> <!-- collapse-all-link -->
      </div> <!-- navigator-suite-header -->
      <div class="suite">
        <div class="rounded-window">
          <div class="suite-header light-rounded-window-top">
            <a href="#" class="navigator-link" panel-name="suite-Default_suite">
              <span class="suite-name border-failed">Default suite</span>
            </a> <!-- navigator-link -->
          </div> <!-- suite-header light-rounded-window-top -->
          <div class="navigator-suite-content">
            <div class="suite-section-title">
              <span>Info</span>
            </div> <!-- suite-section-title -->
            <div class="suite-section-content">
              <ul>
                <li>
                  <a href="#" class="navigator-link " panel-name="test-xml-Default_suite">
                    <span>C:\Users\acs\AppData\Local\Temp\testng-eclipse--1129854016\testng-customsuite.xml</span>
                  </a> <!-- navigator-link  -->
                </li>
                <li>
                  <a href="#" class="navigator-link " panel-name="testlist-Default_suite">
                    <span class="test-stats">1 test</span>
                  </a> <!-- navigator-link  -->
                </li>
                <li>
                  <a href="#" class="navigator-link " panel-name="group-Default_suite">
                    <span>0 groups</span>
                  </a> <!-- navigator-link  -->
                </li>
                <li>
                  <a href="#" class="navigator-link " panel-name="times-Default_suite">
                    <span>Times</span>
                  </a> <!-- navigator-link  -->
                </li>
                <li>
                  <a href="#" class="navigator-link " panel-name="reporter-Default_suite">
                    <span>Reporter output</span>
                  </a> <!-- navigator-link  -->
                </li>
                <li>
                  <a href="#" class="navigator-link " panel-name="ignored-methods-Default_suite">
                    <span>Ignored methods</span>
                  </a> <!-- navigator-link  -->
                </li>
                <li>
                  <a href="#" class="navigator-link " panel-name="chronological-Default_suite">
                    <span>Chronological view</span>
                  </a> <!-- navigator-link  -->
                </li>
              </ul>
            </div> <!-- suite-section-content -->
            <div class="result-section">
              <div class="suite-section-title">
                <span>Results</span>
              </div> <!-- suite-section-title -->
              <div class="suite-section-content">
                <ul>
                  <li>
                    <span class="method-stats">5 methods, 5 failed,   </span>
                  </li>
                  <li>
                    <span class="method-list-title failed">Failed methods</span>
                    <span class="show-or-hide-methods failed">
                      <a href="#" panel-name="suite-Default_suite" class="hide-methods failed suite-Default_suite"> (hide)</a> <!-- hide-methods failed suite-Default_suite -->
                      <a href="#" panel-name="suite-Default_suite" class="show-methods failed suite-Default_suite"> (show)</a> <!-- show-methods failed suite-Default_suite -->
                    </span>
                    <div class="method-list-content failed suite-Default_suite">
                      <span>
                        <img width="3%" src="failed.png"/>
                        <a href="#" class="method navigator-link" panel-name="suite-Default_suite" title="testcase.TC001_Create_an_Account" hash-for-method="TC001_Create_An_Account({country=, Phone_Numer=Phone_Numer, Iteration=Iteration, Last_Name=Last_Name, Address=Address, Email...)">TC001_Create_An_Account({country=, Phone_Numer=Phone_Numer, Iteration=Iteration, Last_Name=Last_Name, Address=Address, Email...)</a> <!-- method navigator-link -->
                      </span>
                      <br/>
                      <span>
                        <img width="3%" src="failed.png"/>
                        <a href="#" class="method navigator-link" panel-name="suite-Default_suite" title="testcase.TC001_Create_an_Account" hash-for-method="TC001_Create_An_Account({country=india, Phone_Numer=9850658748, Iteration=1, Last_Name=Ganjare, Address=pune, Email_ID=test....)">TC001_Create_An_Account({country=india, Phone_Numer=9850658748, Iteration=1, Last_Name=Ganjare, Address=pune, Email_ID=test....)</a> <!-- method navigator-link -->
                      </span>
                      <br/>
                      <span>
                        <img width="3%" src="failed.png"/>
                        <a href="#" class="method navigator-link" panel-name="suite-Default_suite" title="testcase.TC001_Create_an_Account" hash-for-method="TC001_Create_An_Account({country=, Phone_Numer=2587456547, Iteration=1, Last_Name=Wikhe, Address=USA, Email_ID=test.test1235...)">TC001_Create_An_Account({country=, Phone_Numer=2587456547, Iteration=1, Last_Name=Wikhe, Address=USA, Email_ID=test.test1235...)</a> <!-- method navigator-link -->
                      </span>
                      <br/>
                      <span>
                        <img width="3%" src="failed.png"/>
                        <a href="#" class="method navigator-link" panel-name="suite-Default_suite" title="testcase.TC001_Create_an_Account" hash-for-method="TC001_Create_An_Account({country=, Phone_Numer=, Iteration=TC001_Create_an_Account2, Last_Name=, Address=, Email_ID=, Passwo...)">TC001_Create_An_Account({country=, Phone_Numer=, Iteration=TC001_Create_an_Account2, Last_Name=, Address=, Email_ID=, Passwo...)</a> <!-- method navigator-link -->
                      </span>
                      <br/>
                      <span>
                        <img width="3%" src="failed.png"/>
                        <a href="#" class="method navigator-link" panel-name="suite-Default_suite" title="testcase.TC001_Create_an_Account" hash-for-method="TC001_Create_An_Account({country=uk, Phone_Numer=2587456547, Iteration=2.0, Last_Name=Wikhe, Address=USA, Email_ID=test.test...)">TC001_Create_An_Account({country=uk, Phone_Numer=2587456547, Iteration=2.0, Last_Name=Wikhe, Address=USA, Email_ID=test.test...)</a> <!-- method navigator-link -->
                      </span>
                      <br/>
                    </div> <!-- method-list-content failed suite-Default_suite -->
                  </li>
                </ul>
              </div> <!-- suite-section-content -->
            </div> <!-- result-section -->
          </div> <!-- navigator-suite-content -->
        </div> <!-- rounded-window -->
      </div> <!-- suite -->
    </div> <!-- navigator-root -->
    <div class="wrapper">
      <div class="main-panel-root">
        <div panel-name="suite-Default_suite" class="panel Default_suite">
          <div class="suite-Default_suite-class-failed">
            <div class="main-panel-header rounded-window-top">
              <img src="failed.png"/>
              <span class="class-name">testcase.TC001_Create_an_Account</span>
            </div> <!-- main-panel-header rounded-window-top -->
            <div class="main-panel-content rounded-window-bottom">
              <div class="method">
                <div class="method-content">
                  <a name="TC001_Create_An_Account({country=, Phone_Numer=Phone_Numer, Iteration=Iteration, Last_Name=Last_Name, Address=Address, Email...)">
                  </a> <!-- TC001_Create_An_Account({country=, Phone_Numer=Phone_Numer, Iteration=Iteration, Last_Name=Last_Name, Address=Address, Email...) -->
                  <span class="method-name">TC001_Create_An_Account</span>
                  <span class="parameters">({country=, Phone_Numer=Phone_Numer, Iteration=Iteration, Last_Name=Last_Name, Address=Address, Email_ID=Email_ID, Password=Password, company=, employees=, First_Name=First_Name, Jobtitle=})</span>
                  <div class="stack-trace">java.io.FileNotFoundException: C:\Eclipse_Data\Maven_Project\src\test\resources\screenShots\screnshot_2019.09.30.12.12.02.png (The system cannot find the path specified)
	at java.io.FileOutputStream.open0(Native Method)
	at java.io.FileOutputStream.open(Unknown Source)
	at java.io.FileOutputStream.&lt;init&gt;(Unknown Source)
	at java.io.FileOutputStream.&lt;init&gt;(Unknown Source)
	at org.openqa.selenium.io.FileHandler.copyFile(FileHandler.java:138)
	at org.openqa.selenium.io.FileHandler.copy(FileHandler.java:117)
	at testbase.TestBase.takescreenshots(TestBase.java:104)
	at commonmethods.Commonmethod.clickOnWebElement(Commonmethod.java:27)
	at pages.LogInpage.createAnAccount(LogInpage.java:12)
	at testcase.TC001_Create_an_Account.TC001_Create_An_Account(TC001_Create_an_Account.java:33)
	at sun.reflect.NativeMethodAccessorImpl.invoke0(Native Method)
	at sun.reflect.NativeMethodAccessorImpl.invoke(Unknown Source)
	at sun.reflect.DelegatingMethodAccessorImpl.invoke(Unknown Source)
	at java.lang.reflect.Method.invoke(Unknown Source)
	at org.testng.internal.MethodInvocationHelper.invokeMethod(MethodInvocationHelper.java:85)
	at org.testng.internal.Invoker.invokeMethod(Invoker.java:663)
	at org.testng.internal.Invoker.invokeTestMethod(Invoker.java:849)
	at org.testng.internal.Invoker.invokeTestMethods(Invoker.java:1157)
	at org.testng.internal.TestMethodWorker.invokeTestMethods(TestMethodWorker.java:124)
	at org.testng.internal.TestMethodWorker.run(TestMethodWorker.java:108)
	at org.testng.TestRunner.privateRun(TestRunner.java:771)
	at org.testng.TestRunner.run(TestRunner.java:621)
	at org.testng.SuiteRunner.runTest(SuiteRunner.java:357)
	at org.testng.SuiteRunner.runSequentially(SuiteRunner.java:352)
	at org.testng.SuiteRunner.privateRun(SuiteRunner.java:310)
	at org.testng.SuiteRunner.run(SuiteRunner.java:259)
	at org.testng.SuiteRunnerWorker.runSuite(SuiteRunnerWorker.java:52)
	at org.testng.SuiteRunnerWorker.run(SuiteRunnerWorker.java:86)
	at org.testng.TestNG.runSuitesSequentially(TestNG.java:1200)
	at org.testng.TestNG.runSuitesLocally(TestNG.java:1125)
	at org.testng.TestNG.run(TestNG.java:1033)
	at org.testng.remote.RemoteTestNG.run(RemoteTestNG.java:111)
	at org.testng.remote.RemoteTestNG.initAndRun(RemoteTestNG.java:204)
	at org.testng.remote.RemoteTestNG.main(RemoteTestNG.java:175)

</div> <!-- stack-trace -->
                </div> <!-- method-content -->
              </div> <!-- method -->
              <div class="method">
                <div class="method-content">
                  <a name="TC001_Create_An_Account({country=india, Phone_Numer=9850658748, Iteration=1, Last_Name=Ganjare, Address=pune, Email_ID=test....)">
                  </a> <!-- TC001_Create_An_Account({country=india, Phone_Numer=9850658748, Iteration=1, Last_Name=Ganjare, Address=pune, Email_ID=test....) -->
                  <span class="method-name">TC001_Create_An_Account</span>
                  <span class="parameters">({country=india, Phone_Numer=9850658748, Iteration=1, Last_Name=Ganjare, Address=pune, Email_ID=test.test1234@gmail.com, Password=Rahul#124, company=wipro, employees=6.0, First_Name=Rahul, Jobtitle=IT Manager})</span>
                  <div class="stack-trace">java.io.FileNotFoundException: C:\Eclipse_Data\Maven_Project\src\test\resources\screenShots\screnshot_2019.09.30.12.11.09.png (The system cannot find the path specified)
	at java.io.FileOutputStream.open0(Native Method)
	at java.io.FileOutputStream.open(Unknown Source)
	at java.io.FileOutputStream.&lt;init&gt;(Unknown Source)
	at java.io.FileOutputStream.&lt;init&gt;(Unknown Source)
	at org.openqa.selenium.io.FileHandler.copyFile(FileHandler.java:138)
	at org.openqa.selenium.io.FileHandler.copy(FileHandler.java:117)
	at testbase.TestBase.takescreenshots(TestBase.java:104)
	at commonmethods.Commonmethod.clickOnWebElement(Commonmethod.java:27)
	at pages.LogInpage.createAnAccount(LogInpage.java:12)
	at testcase.TC001_Create_an_Account.TC001_Create_An_Account(TC001_Create_an_Account.java:33)
	at sun.reflect.NativeMethodAccessorImpl.invoke0(Native Method)
	at sun.reflect.NativeMethodAccessorImpl.invoke(Unknown Source)
	at sun.reflect.DelegatingMethodAccessorImpl.invoke(Unknown Source)
	at java.lang.reflect.Method.invoke(Unknown Source)
	at org.testng.internal.MethodInvocationHelper.invokeMethod(MethodInvocationHelper.java:85)
	at org.testng.internal.Invoker.invokeMethod(Invoker.java:663)
	at org.testng.internal.Invoker.invokeTestMethod(Invoker.java:849)
	at org.testng.internal.Invoker.invokeTestMethods(Invoker.java:1157)
	at org.testng.internal.TestMethodWorker.invokeTestMethods(TestMethodWorker.java:124)
	at org.testng.internal.TestMethodWorker.run(TestMethodWorker.java:108)
	at org.testng.TestRunner.privateRun(TestRunner.java:771)
	at org.testng.TestRunner.run(TestRunner.java:621)
	at org.testng.SuiteRunner.runTest(SuiteRunner.java:357)
	at org.testng.SuiteRunner.runSequentially(SuiteRunner.java:352)
	at org.testng.SuiteRunner.privateRun(SuiteRunner.java:310)
	at org.testng.SuiteRunner.run(SuiteRunner.java:259)
	at org.testng.SuiteRunnerWorker.runSuite(SuiteRunnerWorker.java:52)
	at org.testng.SuiteRunnerWorker.run(SuiteRunnerWorker.java:86)
	at org.testng.TestNG.runSuitesSequentially(TestNG.java:1200)
	at org.testng.TestNG.runSuitesLocally(TestNG.java:1125)
	at org.testng.TestNG.run(TestNG.java:1033)
	at org.testng.remote.RemoteTestNG.run(RemoteTestNG.java:111)
	at org.testng.remote.RemoteTestNG.initAndRun(RemoteTestNG.java:204)
	at org.testng.remote.RemoteTestNG.main(RemoteTestNG.java:175)

</div> <!-- stack-trace -->
                </div> <!-- method-content -->
              </div> <!-- method -->
              <div class="method">
                <div class="method-content">
                  <a name="TC001_Create_An_Account({country=, Phone_Numer=2587456547, Iteration=1, Last_Name=Wikhe, Address=USA, Email_ID=test.test1235...)">
                  </a> <!-- TC001_Create_An_Account({country=, Phone_Numer=2587456547, Iteration=1, Last_Name=Wikhe, Address=USA, Email_ID=test.test1235...) -->
                  <span class="method-name">TC001_Create_An_Account</span>
                  <span class="parameters">({country=, Phone_Numer=2587456547, Iteration=1, Last_Name=Wikhe, Address=USA, Email_ID=test.test1235@gmail.com, Password=Rahul#125, company=, employees=, First_Name=Namita, Jobtitle=})</span>
                  <div class="stack-trace">java.io.FileNotFoundException: C:\Eclipse_Data\Maven_Project\src\test\resources\screenShots\screnshot_2019.09.30.12.12.22.png (The system cannot find the path specified)
	at java.io.FileOutputStream.open0(Native Method)
	at java.io.FileOutputStream.open(Unknown Source)
	at java.io.FileOutputStream.&lt;init&gt;(Unknown Source)
	at java.io.FileOutputStream.&lt;init&gt;(Unknown Source)
	at org.openqa.selenium.io.FileHandler.copyFile(FileHandler.java:138)
	at org.openqa.selenium.io.FileHandler.copy(FileHandler.java:117)
	at testbase.TestBase.takescreenshots(TestBase.java:104)
	at commonmethods.Commonmethod.clickOnWebElement(Commonmethod.java:27)
	at pages.LogInpage.createAnAccount(LogInpage.java:12)
	at testcase.TC001_Create_an_Account.TC001_Create_An_Account(TC001_Create_an_Account.java:33)
	at sun.reflect.NativeMethodAccessorImpl.invoke0(Native Method)
	at sun.reflect.NativeMethodAccessorImpl.invoke(Unknown Source)
	at sun.reflect.DelegatingMethodAccessorImpl.invoke(Unknown Source)
	at java.lang.reflect.Method.invoke(Unknown Source)
	at org.testng.internal.MethodInvocationHelper.invokeMethod(MethodInvocationHelper.java:85)
	at org.testng.internal.Invoker.invokeMethod(Invoker.java:663)
	at org.testng.internal.Invoker.invokeTestMethod(Invoker.java:849)
	at org.testng.internal.Invoker.invokeTestMethods(Invoker.java:1157)
	at org.testng.internal.TestMethodWorker.invokeTestMethods(TestMethodWorker.java:124)
	at org.testng.internal.TestMethodWorker.run(TestMethodWorker.java:108)
	at org.testng.TestRunner.privateRun(TestRunner.java:771)
	at org.testng.TestRunner.run(TestRunner.java:621)
	at org.testng.SuiteRunner.runTest(SuiteRunner.java:357)
	at org.testng.SuiteRunner.runSequentially(SuiteRunner.java:352)
	at org.testng.SuiteRunner.privateRun(SuiteRunner.java:310)
	at org.testng.SuiteRunner.run(SuiteRunner.java:259)
	at org.testng.SuiteRunnerWorker.runSuite(SuiteRunnerWorker.java:52)
	at org.testng.SuiteRunnerWorker.run(SuiteRunnerWorker.java:86)
	at org.testng.TestNG.runSuitesSequentially(TestNG.java:1200)
	at org.testng.TestNG.runSuitesLocally(TestNG.java:1125)
	at org.testng.TestNG.run(TestNG.java:1033)
	at org.testng.remote.RemoteTestNG.run(RemoteTestNG.java:111)
	at org.testng.remote.RemoteTestNG.initAndRun(RemoteTestNG.java:204)
	at org.testng.remote.RemoteTestNG.main(RemoteTestNG.java:175)

</div> <!-- stack-trace -->
                </div> <!-- method-content -->
              </div> <!-- method -->
              <div class="method">
                <div class="method-content">
                  <a name="TC001_Create_An_Account({country=, Phone_Numer=, Iteration=TC001_Create_an_Account2, Last_Name=, Address=, Email_ID=, Passwo...)">
                  </a> <!-- TC001_Create_An_Account({country=, Phone_Numer=, Iteration=TC001_Create_an_Account2, Last_Name=, Address=, Email_ID=, Passwo...) -->
                  <span class="method-name">TC001_Create_An_Account</span>
                  <span class="parameters">({country=, Phone_Numer=, Iteration=TC001_Create_an_Account2, Last_Name=, Address=, Email_ID=, Password=, company=, employees=, First_Name=, Jobtitle=})</span>
                  <div class="stack-trace">java.io.FileNotFoundException: C:\Eclipse_Data\Maven_Project\src\test\resources\screenShots\screnshot_2019.09.30.12.11.42.png (The system cannot find the path specified)
	at java.io.FileOutputStream.open0(Native Method)
	at java.io.FileOutputStream.open(Unknown Source)
	at java.io.FileOutputStream.&lt;init&gt;(Unknown Source)
	at java.io.FileOutputStream.&lt;init&gt;(Unknown Source)
	at org.openqa.selenium.io.FileHandler.copyFile(FileHandler.java:138)
	at org.openqa.selenium.io.FileHandler.copy(FileHandler.java:117)
	at testbase.TestBase.takescreenshots(TestBase.java:104)
	at commonmethods.Commonmethod.clickOnWebElement(Commonmethod.java:27)
	at pages.LogInpage.createAnAccount(LogInpage.java:12)
	at testcase.TC001_Create_an_Account.TC001_Create_An_Account(TC001_Create_an_Account.java:33)
	at sun.reflect.NativeMethodAccessorImpl.invoke0(Native Method)
	at sun.reflect.NativeMethodAccessorImpl.invoke(Unknown Source)
	at sun.reflect.DelegatingMethodAccessorImpl.invoke(Unknown Source)
	at java.lang.reflect.Method.invoke(Unknown Source)
	at org.testng.internal.MethodInvocationHelper.invokeMethod(MethodInvocationHelper.java:85)
	at org.testng.internal.Invoker.invokeMethod(Invoker.java:663)
	at org.testng.internal.Invoker.invokeTestMethod(Invoker.java:849)
	at org.testng.internal.Invoker.invokeTestMethods(Invoker.java:1157)
	at org.testng.internal.TestMethodWorker.invokeTestMethods(TestMethodWorker.java:124)
	at org.testng.internal.TestMethodWorker.run(TestMethodWorker.java:108)
	at org.testng.TestRunner.privateRun(TestRunner.java:771)
	at org.testng.TestRunner.run(TestRunner.java:621)
	at org.testng.SuiteRunner.runTest(SuiteRunner.java:357)
	at org.testng.SuiteRunner.runSequentially(SuiteRunner.java:352)
	at org.testng.SuiteRunner.privateRun(SuiteRunner.java:310)
	at org.testng.SuiteRunner.run(SuiteRunner.java:259)
	at org.testng.SuiteRunnerWorker.runSuite(SuiteRunnerWorker.java:52)
	at org.testng.SuiteRunnerWorker.run(SuiteRunnerWorker.java:86)
	at org.testng.TestNG.runSuitesSequentially(TestNG.java:1200)
	at org.testng.TestNG.runSuitesLocally(TestNG.java:1125)
	at org.testng.TestNG.run(TestNG.java:1033)
	at org.testng.remote.RemoteTestNG.run(RemoteTestNG.java:111)
	at org.testng.remote.RemoteTestNG.initAndRun(RemoteTestNG.java:204)
	at org.testng.remote.RemoteTestNG.main(RemoteTestNG.java:175)

</div> <!-- stack-trace -->
                </div> <!-- method-content -->
              </div> <!-- method -->
              <div class="method">
                <div class="method-content">
                  <a name="TC001_Create_An_Account({country=uk, Phone_Numer=2587456547, Iteration=2.0, Last_Name=Wikhe, Address=USA, Email_ID=test.test...)">
                  </a> <!-- TC001_Create_An_Account({country=uk, Phone_Numer=2587456547, Iteration=2.0, Last_Name=Wikhe, Address=USA, Email_ID=test.test...) -->
                  <span class="method-name">TC001_Create_An_Account</span>
                  <span class="parameters">({country=uk, Phone_Numer=2587456547, Iteration=2.0, Last_Name=Wikhe, Address=USA, Email_ID=test.test1235@gmail.com, Password=Rahul#125, company=qsp, employees=1.0, First_Name=Namita, Jobtitle=sales})</span>
                  <div class="stack-trace">java.io.FileNotFoundException: C:\Eclipse_Data\Maven_Project\src\test\resources\screenShots\screnshot_2019.09.30.12.11.27.png (The system cannot find the path specified)
	at java.io.FileOutputStream.open0(Native Method)
	at java.io.FileOutputStream.open(Unknown Source)
	at java.io.FileOutputStream.&lt;init&gt;(Unknown Source)
	at java.io.FileOutputStream.&lt;init&gt;(Unknown Source)
	at org.openqa.selenium.io.FileHandler.copyFile(FileHandler.java:138)
	at org.openqa.selenium.io.FileHandler.copy(FileHandler.java:117)
	at testbase.TestBase.takescreenshots(TestBase.java:104)
	at commonmethods.Commonmethod.clickOnWebElement(Commonmethod.java:27)
	at pages.LogInpage.createAnAccount(LogInpage.java:12)
	at testcase.TC001_Create_an_Account.TC001_Create_An_Account(TC001_Create_an_Account.java:33)
	at sun.reflect.NativeMethodAccessorImpl.invoke0(Native Method)
	at sun.reflect.NativeMethodAccessorImpl.invoke(Unknown Source)
	at sun.reflect.DelegatingMethodAccessorImpl.invoke(Unknown Source)
	at java.lang.reflect.Method.invoke(Unknown Source)
	at org.testng.internal.MethodInvocationHelper.invokeMethod(MethodInvocationHelper.java:85)
	at org.testng.internal.Invoker.invokeMethod(Invoker.java:663)
	at org.testng.internal.Invoker.invokeTestMethod(Invoker.java:849)
	at org.testng.internal.Invoker.invokeTestMethods(Invoker.java:1157)
	at org.testng.internal.TestMethodWorker.invokeTestMethods(TestMethodWorker.java:124)
	at org.testng.internal.TestMethodWorker.run(TestMethodWorker.java:108)
	at org.testng.TestRunner.privateRun(TestRunner.java:771)
	at org.testng.TestRunner.run(TestRunner.java:621)
	at org.testng.SuiteRunner.runTest(SuiteRunner.java:357)
	at org.testng.SuiteRunner.runSequentially(SuiteRunner.java:352)
	at org.testng.SuiteRunner.privateRun(SuiteRunner.java:310)
	at org.testng.SuiteRunner.run(SuiteRunner.java:259)
	at org.testng.SuiteRunnerWorker.runSuite(SuiteRunnerWorker.java:52)
	at org.testng.SuiteRunnerWorker.run(SuiteRunnerWorker.java:86)
	at org.testng.TestNG.runSuitesSequentially(TestNG.java:1200)
	at org.testng.TestNG.runSuitesLocally(TestNG.java:1125)
	at org.testng.TestNG.run(TestNG.java:1033)
	at org.testng.remote.RemoteTestNG.run(RemoteTestNG.java:111)
	at org.testng.remote.RemoteTestNG.initAndRun(RemoteTestNG.java:204)
	at org.testng.remote.RemoteTestNG.main(RemoteTestNG.java:175)

</div> <!-- stack-trace -->
                </div> <!-- method-content -->
              </div> <!-- method -->
            </div> <!-- main-panel-content rounded-window-bottom -->
          </div> <!-- suite-Default_suite-class-failed -->
        </div> <!-- panel Default_suite -->
        <div panel-name="test-xml-Default_suite" class="panel">
          <div class="main-panel-header rounded-window-top">
            <span class="header-content">C:\Users\acs\AppData\Local\Temp\testng-eclipse--1129854016\testng-customsuite.xml</span>
          </div> <!-- main-panel-header rounded-window-top -->
          <div class="main-panel-content rounded-window-bottom">
            <pre>
&lt;?xml version=&quot;1.0&quot; encoding=&quot;UTF-8&quot;?&gt;
&lt;!DOCTYPE suite SYSTEM &quot;http://testng.org/testng-1.0.dtd&quot;&gt;
&lt;suite guice-stage=&quot;DEVELOPMENT&quot; name=&quot;Default suite&quot;&gt;
  &lt;test verbose=&quot;2&quot; name=&quot;Default test&quot;&gt;
    &lt;classes&gt;
      &lt;class name=&quot;testcase.TC001_Create_an_Account&quot;/&gt;
    &lt;/classes&gt;
  &lt;/test&gt; &lt;!-- Default test --&gt;
&lt;/suite&gt; &lt;!-- Default suite --&gt;
            </pre>
          </div> <!-- main-panel-content rounded-window-bottom -->
        </div> <!-- panel -->
        <div panel-name="testlist-Default_suite" class="panel">
          <div class="main-panel-header rounded-window-top">
            <span class="header-content">Tests for Default suite</span>
          </div> <!-- main-panel-header rounded-window-top -->
          <div class="main-panel-content rounded-window-bottom">
            <ul>
              <li>
                <span class="test-name">Default test (1 class)</span>
              </li>
            </ul>
          </div> <!-- main-panel-content rounded-window-bottom -->
        </div> <!-- panel -->
        <div panel-name="group-Default_suite" class="panel">
          <div class="main-panel-header rounded-window-top">
            <span class="header-content">Groups for Default suite</span>
          </div> <!-- main-panel-header rounded-window-top -->
          <div class="main-panel-content rounded-window-bottom">
          </div> <!-- main-panel-content rounded-window-bottom -->
        </div> <!-- panel -->
        <div panel-name="times-Default_suite" class="panel">
          <div class="main-panel-header rounded-window-top">
            <span class="header-content">Times for Default suite</span>
          </div> <!-- main-panel-header rounded-window-top -->
          <div class="main-panel-content rounded-window-bottom">
            <div class="times-div">
              <script type="text/javascript">
suiteTableInitFunctions.push('tableData_Default_suite');
function tableData_Default_suite() {
var data = new google.visualization.DataTable();
data.addColumn('number', 'Number');
data.addColumn('string', 'Method');
data.addColumn('string', 'Class');
data.addColumn('number', 'Time (ms)');
data.addRows(5);
data.setCell(0, 0, 0)
data.setCell(0, 1, 'TC001_Create_An_Account')
data.setCell(0, 2, 'testcase.TC001_Create_an_Account')
data.setCell(0, 3, 11649);
data.setCell(1, 0, 1)
data.setCell(1, 1, 'TC001_Create_An_Account')
data.setCell(1, 2, 'testcase.TC001_Create_an_Account')
data.setCell(1, 3, 7500);
data.setCell(2, 0, 2)
data.setCell(2, 1, 'TC001_Create_An_Account')
data.setCell(2, 2, 'testcase.TC001_Create_an_Account')
data.setCell(2, 3, 5298);
data.setCell(3, 0, 3)
data.setCell(3, 1, 'TC001_Create_An_Account')
data.setCell(3, 2, 'testcase.TC001_Create_an_Account')
data.setCell(3, 3, 5218);
data.setCell(4, 0, 4)
data.setCell(4, 1, 'TC001_Create_An_Account')
data.setCell(4, 2, 'testcase.TC001_Create_an_Account')
data.setCell(4, 3, 5007);
window.suiteTableData['Default_suite']= { tableData: data, tableDiv: 'times-div-Default_suite'}
return data;
}
              </script>
              <span class="suite-total-time">Total running time: 34 seconds</span>
              <div id="times-div-Default_suite">
              </div> <!-- times-div-Default_suite -->
            </div> <!-- times-div -->
          </div> <!-- main-panel-content rounded-window-bottom -->
        </div> <!-- panel -->
        <div panel-name="reporter-Default_suite" class="panel">
          <div class="main-panel-header rounded-window-top">
            <span class="header-content">Reporter output for Default suite</span>
          </div> <!-- main-panel-header rounded-window-top -->
          <div class="main-panel-content rounded-window-bottom">
          </div> <!-- main-panel-content rounded-window-bottom -->
        </div> <!-- panel -->
        <div panel-name="ignored-methods-Default_suite" class="panel">
          <div class="main-panel-header rounded-window-top">
            <span class="header-content">0 ignored methods</span>
          </div> <!-- main-panel-header rounded-window-top -->
          <div class="main-panel-content rounded-window-bottom">
          </div> <!-- main-panel-content rounded-window-bottom -->
        </div> <!-- panel -->
        <div panel-name="chronological-Default_suite" class="panel">
          <div class="main-panel-header rounded-window-top">
            <span class="header-content">Methods in chronological order</span>
          </div> <!-- main-panel-header rounded-window-top -->
          <div class="main-panel-content rounded-window-bottom">
            <div class="chronological-class">
              <div class="chronological-class-name">testcase.TC001_Create_an_Account</div> <!-- chronological-class-name -->
              <div class="configuration-suite before">
                <span class="method-name">Loadingfiles</span>
                <span class="method-start">0 ms</span>
              </div> <!-- configuration-suite before -->
              <div class="configuration-class before">
                <span class="method-name">isskip</span>
                <span class="method-start">138 ms</span>
              </div> <!-- configuration-class before -->
              <div class="configuration-method before">
                <span class="method-name">LaunchingBrowser</span>
                <span class="method-start">161 ms</span>
              </div> <!-- configuration-method before -->
              <div class="test-method">
                <img src="failed.png">
                </img>
                <span class="method-name">TC001_Create_An_Account({country=india, Phone_Numer=9850658748, Iteration=1, Last_Name=Ganjare, Address=pune, Email_ID=test....)</span>
                <span class="method-start">11060 ms</span>
              </div> <!-- test-method -->
              <div class="configuration-method after">
                <span class="method-name">closebrowser</span>
                <span class="method-start">22712 ms</span>
              </div> <!-- configuration-method after -->
              <div class="configuration-method before">
                <span class="method-name">LaunchingBrowser</span>
                <span class="method-start">26364 ms</span>
              </div> <!-- configuration-method before -->
              <div class="test-method">
                <img src="failed.png">
                </img>
                <span class="method-name">TC001_Create_An_Account({country=uk, Phone_Numer=2587456547, Iteration=2.0, Last_Name=Wikhe, Address=USA, Email_ID=test.test...)</span>
                <span class="method-start">35521 ms</span>
              </div> <!-- test-method -->
              <div class="configuration-method after">
                <span class="method-name">closebrowser</span>
                <span class="method-start">40529 ms</span>
              </div> <!-- configuration-method after -->
              <div class="configuration-method before">
                <span class="method-name">LaunchingBrowser</span>
                <span class="method-start">44179 ms</span>
              </div> <!-- configuration-method before -->
              <div class="test-method">
                <img src="failed.png">
                </img>
                <span class="method-name">TC001_Create_An_Account({country=, Phone_Numer=, Iteration=TC001_Create_an_Account2, Last_Name=, Address=, Email_ID=, Passwo...)</span>
                <span class="method-start">50535 ms</span>
              </div> <!-- test-method -->
              <div class="configuration-method after">
                <span class="method-name">closebrowser</span>
                <span class="method-start">55754 ms</span>
              </div> <!-- configuration-method after -->
              <div class="configuration-method before">
                <span class="method-name">LaunchingBrowser</span>
                <span class="method-start">59426 ms</span>
              </div> <!-- configuration-method before -->
              <div class="test-method">
                <img src="failed.png">
                </img>
                <span class="method-name">TC001_Create_An_Account({country=, Phone_Numer=Phone_Numer, Iteration=Iteration, Last_Name=Last_Name, Address=Address, Email...)</span>
                <span class="method-start">70342 ms</span>
              </div> <!-- test-method -->
              <div class="configuration-method after">
                <span class="method-name">closebrowser</span>
                <span class="method-start">75641 ms</span>
              </div> <!-- configuration-method after -->
              <div class="configuration-method before">
                <span class="method-name">LaunchingBrowser</span>
                <span class="method-start">79404 ms</span>
              </div> <!-- configuration-method before -->
              <div class="test-method">
                <img src="failed.png">
                </img>
                <span class="method-name">TC001_Create_An_Account({country=, Phone_Numer=2587456547, Iteration=1, Last_Name=Wikhe, Address=USA, Email_ID=test.test1235...)</span>
                <span class="method-start">88183 ms</span>
              </div> <!-- test-method -->
              <div class="configuration-method after">
                <span class="method-name">closebrowser</span>
                <span class="method-start">95686 ms</span>
              </div> <!-- configuration-method after -->
              <div class="configuration-suite after">
                <span class="method-name">writeIntoExtentReport</span>
                <span class="method-start">99447 ms</span>
              </div> <!-- configuration-suite after -->
          </div> <!-- main-panel-content rounded-window-bottom -->
        </div> <!-- panel -->
      </div> <!-- main-panel-root -->
    </div> <!-- wrapper -->
  </body>
</html>
