<?xml version="1.0" encoding="UTF-8"?>
<testng-results skipped="0" failed="5" total="5" passed="0">
  <reporter-output>
  </reporter-output>
  <suite name="Default suite" duration-ms="99268" started-at="2019-09-30T06:40:47Z" finished-at="2019-09-30T06:42:26Z">
    <groups>
    </groups>
    <test name="Default test" duration-ms="99268" started-at="2019-09-30T06:40:47Z" finished-at="2019-09-30T06:42:26Z">
      <class name="testcase.TC001_Create_an_Account">
        <test-method status="PASS" signature="Loadingfiles()[pri:0, instance:testcase.TC001_Create_an_Account@70be0a2b]" name="Loadingfiles" is-config="true" duration-ms="124" started-at="2019-09-30T12:10:47Z" finished-at="2019-09-30T12:10:47Z">
          <reporter-output>
          </reporter-output>
        </test-method> <!-- Loadingfiles -->
        <test-method status="PASS" signature="isskip()[pri:0, instance:testcase.TC001_Create_an_Account@70be0a2b]" name="isskip" is-config="true" duration-ms="0" started-at="2019-09-30T12:10:47Z" finished-at="2019-09-30T12:10:47Z">
          <reporter-output>
          </reporter-output>
        </test-method> <!-- isskip -->
        <test-method status="PASS" signature="LaunchingBrowser()[pri:0, instance:testcase.TC001_Create_an_Account@70be0a2b]" name="LaunchingBrowser" is-config="true" duration-ms="10899" started-at="2019-09-30T12:10:47Z" finished-at="2019-09-30T12:10:58Z">
          <reporter-output>
          </reporter-output>
        </test-method> <!-- LaunchingBrowser -->
        <test-method status="FAIL" signature="TC001_Create_An_Account(java.util.Hashtable)[pri:0, instance:testcase.TC001_Create_an_Account@70be0a2b]" name="TC001_Create_An_Account" duration-ms="11649" started-at="2019-09-30T12:10:58Z" data-provider="Data_collection" finished-at="2019-09-30T12:11:09Z">
          <params>
            <param index="0">
              <value>
                <![CDATA[{country=india, Phone_Numer=9850658748, Iteration=1, Last_Name=Ganjare, Address=pune, Email_ID=test.test1234@gmail.com, Password=Rahul#124, company=wipro, employees=6.0, First_Name=Rahul, Jobtitle=IT Manager}]]>
              </value>
            </param>
          </params>
          <exception class="java.io.FileNotFoundException">
            <message>
              <![CDATA[C:\Eclipse_Data\Maven_Project\src\test\resources\screenShots\screnshot_2019.09.30.12.11.09.png (The system cannot find the path specified)]]>
            </message>
            <full-stacktrace>
              <![CDATA[java.io.FileNotFoundException: C:\Eclipse_Data\Maven_Project\src\test\resources\screenShots\screnshot_2019.09.30.12.11.09.png (The system cannot find the path specified)
	at java.io.FileOutputStream.open0(Native Method)
	at java.io.FileOutputStream.open(Unknown Source)
	at java.io.FileOutputStream.<init>(Unknown Source)
	at java.io.FileOutputStream.<init>(Unknown Source)
	at org.openqa.selenium.io.FileHandler.copyFile(FileHandler.java:138)
	at org.openqa.selenium.io.FileHandler.copy(FileHandler.java:117)
	at testbase.TestBase.takescreenshots(TestBase.java:104)
	at commonmethods.Commonmethod.clickOnWebElement(Commonmethod.java:27)
	at pages.LogInpage.createAnAccount(LogInpage.java:12)
	at testcase.TC001_Create_an_Account.TC001_Create_An_Account(TC001_Create_an_Account.java:33)
	at sun.reflect.NativeMethodAccessorImpl.invoke0(Native Method)
	at sun.reflect.NativeMethodAccessorImpl.invoke(Unknown Source)
	at sun.reflect.DelegatingMethodAccessorImpl.invoke(Unknown Source)
	at java.lang.reflect.Method.invoke(Unknown Source)
	at org.testng.internal.MethodInvocationHelper.invokeMethod(MethodInvocationHelper.java:85)
	at org.testng.internal.Invoker.invokeMethod(Invoker.java:663)
	at org.testng.internal.Invoker.invokeTestMethod(Invoker.java:849)
	at org.testng.internal.Invoker.invokeTestMethods(Invoker.java:1157)
	at org.testng.internal.TestMethodWorker.invokeTestMethods(TestMethodWorker.java:124)
	at org.testng.internal.TestMethodWorker.run(TestMethodWorker.java:108)
	at org.testng.TestRunner.privateRun(TestRunner.java:771)
	at org.testng.TestRunner.run(TestRunner.java:621)
	at org.testng.SuiteRunner.runTest(SuiteRunner.java:357)
	at org.testng.SuiteRunner.runSequentially(SuiteRunner.java:352)
	at org.testng.SuiteRunner.privateRun(SuiteRunner.java:310)
	at org.testng.SuiteRunner.run(SuiteRunner.java:259)
	at org.testng.SuiteRunnerWorker.runSuite(SuiteRunnerWorker.java:52)
	at org.testng.SuiteRunnerWorker.run(SuiteRunnerWorker.java:86)
	at org.testng.TestNG.runSuitesSequentially(TestNG.java:1200)
	at org.testng.TestNG.runSuitesLocally(TestNG.java:1125)
	at org.testng.TestNG.run(TestNG.java:1033)
	at org.testng.remote.RemoteTestNG.run(RemoteTestNG.java:111)
	at org.testng.remote.RemoteTestNG.initAndRun(RemoteTestNG.java:204)
	at org.testng.remote.RemoteTestNG.main(RemoteTestNG.java:175)
]]>
            </full-stacktrace>
          </exception> <!-- java.io.FileNotFoundException -->
          <reporter-output>
          </reporter-output>
        </test-method> <!-- TC001_Create_An_Account -->
        <test-method status="PASS" signature="closebrowser()[pri:0, instance:testcase.TC001_Create_an_Account@70be0a2b]" name="closebrowser" is-config="true" duration-ms="3652" started-at="2019-09-30T12:11:09Z" finished-at="2019-09-30T12:11:13Z">
          <reporter-output>
          </reporter-output>
        </test-method> <!-- closebrowser -->
        <test-method status="PASS" signature="LaunchingBrowser()[pri:0, instance:testcase.TC001_Create_an_Account@70be0a2b]" name="LaunchingBrowser" is-config="true" duration-ms="9157" started-at="2019-09-30T12:11:13Z" finished-at="2019-09-30T12:11:22Z">
          <reporter-output>
          </reporter-output>
        </test-method> <!-- LaunchingBrowser -->
        <test-method status="FAIL" signature="TC001_Create_An_Account(java.util.Hashtable)[pri:0, instance:testcase.TC001_Create_an_Account@70be0a2b]" name="TC001_Create_An_Account" duration-ms="5007" started-at="2019-09-30T12:11:22Z" data-provider="Data_collection" finished-at="2019-09-30T12:11:27Z">
          <params>
            <param index="0">
              <value>
                <![CDATA[{country=uk, Phone_Numer=2587456547, Iteration=2.0, Last_Name=Wikhe, Address=USA, Email_ID=test.test1235@gmail.com, Password=Rahul#125, company=qsp, employees=1.0, First_Name=Namita, Jobtitle=sales}]]>
              </value>
            </param>
          </params>
          <exception class="java.io.FileNotFoundException">
            <message>
              <![CDATA[C:\Eclipse_Data\Maven_Project\src\test\resources\screenShots\screnshot_2019.09.30.12.11.27.png (The system cannot find the path specified)]]>
            </message>
            <full-stacktrace>
              <![CDATA[java.io.FileNotFoundException: C:\Eclipse_Data\Maven_Project\src\test\resources\screenShots\screnshot_2019.09.30.12.11.27.png (The system cannot find the path specified)
	at java.io.FileOutputStream.open0(Native Method)
	at java.io.FileOutputStream.open(Unknown Source)
	at java.io.FileOutputStream.<init>(Unknown Source)
	at java.io.FileOutputStream.<init>(Unknown Source)
	at org.openqa.selenium.io.FileHandler.copyFile(FileHandler.java:138)
	at org.openqa.selenium.io.FileHandler.copy(FileHandler.java:117)
	at testbase.TestBase.takescreenshots(TestBase.java:104)
	at commonmethods.Commonmethod.clickOnWebElement(Commonmethod.java:27)
	at pages.LogInpage.createAnAccount(LogInpage.java:12)
	at testcase.TC001_Create_an_Account.TC001_Create_An_Account(TC001_Create_an_Account.java:33)
	at sun.reflect.NativeMethodAccessorImpl.invoke0(Native Method)
	at sun.reflect.NativeMethodAccessorImpl.invoke(Unknown Source)
	at sun.reflect.DelegatingMethodAccessorImpl.invoke(Unknown Source)
	at java.lang.reflect.Method.invoke(Unknown Source)
	at org.testng.internal.MethodInvocationHelper.invokeMethod(MethodInvocationHelper.java:85)
	at org.testng.internal.Invoker.invokeMethod(Invoker.java:663)
	at org.testng.internal.Invoker.invokeTestMethod(Invoker.java:849)
	at org.testng.internal.Invoker.invokeTestMethods(Invoker.java:1157)
	at org.testng.internal.TestMethodWorker.invokeTestMethods(TestMethodWorker.java:124)
	at org.testng.internal.TestMethodWorker.run(TestMethodWorker.java:108)
	at org.testng.TestRunner.privateRun(TestRunner.java:771)
	at org.testng.TestRunner.run(TestRunner.java:621)
	at org.testng.SuiteRunner.runTest(SuiteRunner.java:357)
	at org.testng.SuiteRunner.runSequentially(SuiteRunner.java:352)
	at org.testng.SuiteRunner.privateRun(SuiteRunner.java:310)
	at org.testng.SuiteRunner.run(SuiteRunner.java:259)
	at org.testng.SuiteRunnerWorker.runSuite(SuiteRunnerWorker.java:52)
	at org.testng.SuiteRunnerWorker.run(SuiteRunnerWorker.java:86)
	at org.testng.TestNG.runSuitesSequentially(TestNG.java:1200)
	at org.testng.TestNG.runSuitesLocally(TestNG.java:1125)
	at org.testng.TestNG.run(TestNG.java:1033)
	at org.testng.remote.RemoteTestNG.run(RemoteTestNG.java:111)
	at org.testng.remote.RemoteTestNG.initAndRun(RemoteTestNG.java:204)
	at org.testng.remote.RemoteTestNG.main(RemoteTestNG.java:175)
]]>
            </full-stacktrace>
          </exception> <!-- java.io.FileNotFoundException -->
          <reporter-output>
          </reporter-output>
        </test-method> <!-- TC001_Create_An_Account -->
        <test-method status="PASS" signature="closebrowser()[pri:0, instance:testcase.TC001_Create_an_Account@70be0a2b]" name="closebrowser" is-config="true" duration-ms="3650" started-at="2019-09-30T12:11:27Z" finished-at="2019-09-30T12:11:31Z">
          <reporter-output>
          </reporter-output>
        </test-method> <!-- closebrowser -->
        <test-method status="PASS" signature="LaunchingBrowser()[pri:0, instance:testcase.TC001_Create_an_Account@70be0a2b]" name="LaunchingBrowser" is-config="true" duration-ms="6356" started-at="2019-09-30T12:11:31Z" finished-at="2019-09-30T12:11:37Z">
          <reporter-output>
          </reporter-output>
        </test-method> <!-- LaunchingBrowser -->
        <test-method status="FAIL" signature="TC001_Create_An_Account(java.util.Hashtable)[pri:0, instance:testcase.TC001_Create_an_Account@70be0a2b]" name="TC001_Create_An_Account" duration-ms="5218" started-at="2019-09-30T12:11:37Z" data-provider="Data_collection" finished-at="2019-09-30T12:11:42Z">
          <params>
            <param index="0">
              <value>
                <![CDATA[{country=, Phone_Numer=, Iteration=TC001_Create_an_Account2, Last_Name=, Address=, Email_ID=, Password=, company=, employees=, First_Name=, Jobtitle=}]]>
              </value>
            </param>
          </params>
          <exception class="java.io.FileNotFoundException">
            <message>
              <![CDATA[C:\Eclipse_Data\Maven_Project\src\test\resources\screenShots\screnshot_2019.09.30.12.11.42.png (The system cannot find the path specified)]]>
            </message>
            <full-stacktrace>
              <![CDATA[java.io.FileNotFoundException: C:\Eclipse_Data\Maven_Project\src\test\resources\screenShots\screnshot_2019.09.30.12.11.42.png (The system cannot find the path specified)
	at java.io.FileOutputStream.open0(Native Method)
	at java.io.FileOutputStream.open(Unknown Source)
	at java.io.FileOutputStream.<init>(Unknown Source)
	at java.io.FileOutputStream.<init>(Unknown Source)
	at org.openqa.selenium.io.FileHandler.copyFile(FileHandler.java:138)
	at org.openqa.selenium.io.FileHandler.copy(FileHandler.java:117)
	at testbase.TestBase.takescreenshots(TestBase.java:104)
	at commonmethods.Commonmethod.clickOnWebElement(Commonmethod.java:27)
	at pages.LogInpage.createAnAccount(LogInpage.java:12)
	at testcase.TC001_Create_an_Account.TC001_Create_An_Account(TC001_Create_an_Account.java:33)
	at sun.reflect.NativeMethodAccessorImpl.invoke0(Native Method)
	at sun.reflect.NativeMethodAccessorImpl.invoke(Unknown Source)
	at sun.reflect.DelegatingMethodAccessorImpl.invoke(Unknown Source)
	at java.lang.reflect.Method.invoke(Unknown Source)
	at org.testng.internal.MethodInvocationHelper.invokeMethod(MethodInvocationHelper.java:85)
	at org.testng.internal.Invoker.invokeMethod(Invoker.java:663)
	at org.testng.internal.Invoker.invokeTestMethod(Invoker.java:849)
	at org.testng.internal.Invoker.invokeTestMethods(Invoker.java:1157)
	at org.testng.internal.TestMethodWorker.invokeTestMethods(TestMethodWorker.java:124)
	at org.testng.internal.TestMethodWorker.run(TestMethodWorker.java:108)
	at org.testng.TestRunner.privateRun(TestRunner.java:771)
	at org.testng.TestRunner.run(TestRunner.java:621)
	at org.testng.SuiteRunner.runTest(SuiteRunner.java:357)
	at org.testng.SuiteRunner.runSequentially(SuiteRunner.java:352)
	at org.testng.SuiteRunner.privateRun(SuiteRunner.java:310)
	at org.testng.SuiteRunner.run(SuiteRunner.java:259)
	at org.testng.SuiteRunnerWorker.runSuite(SuiteRunnerWorker.java:52)
	at org.testng.SuiteRunnerWorker.run(SuiteRunnerWorker.java:86)
	at org.testng.TestNG.runSuitesSequentially(TestNG.java:1200)
	at org.testng.TestNG.runSuitesLocally(TestNG.java:1125)
	at org.testng.TestNG.run(TestNG.java:1033)
	at org.testng.remote.RemoteTestNG.run(RemoteTestNG.java:111)
	at org.testng.remote.RemoteTestNG.initAndRun(RemoteTestNG.java:204)
	at org.testng.remote.RemoteTestNG.main(RemoteTestNG.java:175)
]]>
            </full-stacktrace>
          </exception> <!-- java.io.FileNotFoundException -->
          <reporter-output>
          </reporter-output>
        </test-method> <!-- TC001_Create_An_Account -->
        <test-method status="PASS" signature="closebrowser()[pri:0, instance:testcase.TC001_Create_an_Account@70be0a2b]" name="closebrowser" is-config="true" duration-ms="3672" started-at="2019-09-30T12:11:42Z" finished-at="2019-09-30T12:11:46Z">
          <reporter-output>
          </reporter-output>
        </test-method> <!-- closebrowser -->
        <test-method status="PASS" signature="LaunchingBrowser()[pri:0, instance:testcase.TC001_Create_an_Account@70be0a2b]" name="LaunchingBrowser" is-config="true" duration-ms="10916" started-at="2019-09-30T12:11:46Z" finished-at="2019-09-30T12:11:57Z">
          <reporter-output>
          </reporter-output>
        </test-method> <!-- LaunchingBrowser -->
        <test-method status="FAIL" signature="TC001_Create_An_Account(java.util.Hashtable)[pri:0, instance:testcase.TC001_Create_an_Account@70be0a2b]" name="TC001_Create_An_Account" duration-ms="5298" started-at="2019-09-30T12:11:57Z" data-provider="Data_collection" finished-at="2019-09-30T12:12:02Z">
          <params>
            <param index="0">
              <value>
                <![CDATA[{country=, Phone_Numer=Phone_Numer, Iteration=Iteration, Last_Name=Last_Name, Address=Address, Email_ID=Email_ID, Password=Password, company=, employees=, First_Name=First_Name, Jobtitle=}]]>
              </value>
            </param>
          </params>
          <exception class="java.io.FileNotFoundException">
            <message>
              <![CDATA[C:\Eclipse_Data\Maven_Project\src\test\resources\screenShots\screnshot_2019.09.30.12.12.02.png (The system cannot find the path specified)]]>
            </message>
            <full-stacktrace>
              <![CDATA[java.io.FileNotFoundException: C:\Eclipse_Data\Maven_Project\src\test\resources\screenShots\screnshot_2019.09.30.12.12.02.png (The system cannot find the path specified)
	at java.io.FileOutputStream.open0(Native Method)
	at java.io.FileOutputStream.open(Unknown Source)
	at java.io.FileOutputStream.<init>(Unknown Source)
	at java.io.FileOutputStream.<init>(Unknown Source)
	at org.openqa.selenium.io.FileHandler.copyFile(FileHandler.java:138)
	at org.openqa.selenium.io.FileHandler.copy(FileHandler.java:117)
	at testbase.TestBase.takescreenshots(TestBase.java:104)
	at commonmethods.Commonmethod.clickOnWebElement(Commonmethod.java:27)
	at pages.LogInpage.createAnAccount(LogInpage.java:12)
	at testcase.TC001_Create_an_Account.TC001_Create_An_Account(TC001_Create_an_Account.java:33)
	at sun.reflect.NativeMethodAccessorImpl.invoke0(Native Method)
	at sun.reflect.NativeMethodAccessorImpl.invoke(Unknown Source)
	at sun.reflect.DelegatingMethodAccessorImpl.invoke(Unknown Source)
	at java.lang.reflect.Method.invoke(Unknown Source)
	at org.testng.internal.MethodInvocationHelper.invokeMethod(MethodInvocationHelper.java:85)
	at org.testng.internal.Invoker.invokeMethod(Invoker.java:663)
	at org.testng.internal.Invoker.invokeTestMethod(Invoker.java:849)
	at org.testng.internal.Invoker.invokeTestMethods(Invoker.java:1157)
	at org.testng.internal.TestMethodWorker.invokeTestMethods(TestMethodWorker.java:124)
	at org.testng.internal.TestMethodWorker.run(TestMethodWorker.java:108)
	at org.testng.TestRunner.privateRun(TestRunner.java:771)
	at org.testng.TestRunner.run(TestRunner.java:621)
	at org.testng.SuiteRunner.runTest(SuiteRunner.java:357)
	at org.testng.SuiteRunner.runSequentially(SuiteRunner.java:352)
	at org.testng.SuiteRunner.privateRun(SuiteRunner.java:310)
	at org.testng.SuiteRunner.run(SuiteRunner.java:259)
	at org.testng.SuiteRunnerWorker.runSuite(SuiteRunnerWorker.java:52)
	at org.testng.SuiteRunnerWorker.run(SuiteRunnerWorker.java:86)
	at org.testng.TestNG.runSuitesSequentially(TestNG.java:1200)
	at org.testng.TestNG.runSuitesLocally(TestNG.java:1125)
	at org.testng.TestNG.run(TestNG.java:1033)
	at org.testng.remote.RemoteTestNG.run(RemoteTestNG.java:111)
	at org.testng.remote.RemoteTestNG.initAndRun(RemoteTestNG.java:204)
	at org.testng.remote.RemoteTestNG.main(RemoteTestNG.java:175)
]]>
            </full-stacktrace>
          </exception> <!-- java.io.FileNotFoundException -->
          <reporter-output>
          </reporter-output>
        </test-method> <!-- TC001_Create_An_Account -->
        <test-method status="PASS" signature="closebrowser()[pri:0, instance:testcase.TC001_Create_an_Account@70be0a2b]" name="closebrowser" is-config="true" duration-ms="3763" started-at="2019-09-30T12:12:02Z" finished-at="2019-09-30T12:12:06Z">
          <reporter-output>
          </reporter-output>
        </test-method> <!-- closebrowser -->
        <test-method status="PASS" signature="LaunchingBrowser()[pri:0, instance:testcase.TC001_Create_an_Account@70be0a2b]" name="LaunchingBrowser" is-config="true" duration-ms="8779" started-at="2019-09-30T12:12:06Z" finished-at="2019-09-30T12:12:15Z">
          <reporter-output>
          </reporter-output>
        </test-method> <!-- LaunchingBrowser -->
        <test-method status="FAIL" signature="TC001_Create_An_Account(java.util.Hashtable)[pri:0, instance:testcase.TC001_Create_an_Account@70be0a2b]" name="TC001_Create_An_Account" duration-ms="7500" started-at="2019-09-30T12:12:15Z" data-provider="Data_collection" finished-at="2019-09-30T12:12:22Z">
          <params>
            <param index="0">
              <value>
                <![CDATA[{country=, Phone_Numer=2587456547, Iteration=1, Last_Name=Wikhe, Address=USA, Email_ID=test.test1235@gmail.com, Password=Rahul#125, company=, employees=, First_Name=Namita, Jobtitle=}]]>
              </value>
            </param>
          </params>
          <exception class="java.io.FileNotFoundException">
            <message>
              <![CDATA[C:\Eclipse_Data\Maven_Project\src\test\resources\screenShots\screnshot_2019.09.30.12.12.22.png (The system cannot find the path specified)]]>
            </message>
            <full-stacktrace>
              <![CDATA[java.io.FileNotFoundException: C:\Eclipse_Data\Maven_Project\src\test\resources\screenShots\screnshot_2019.09.30.12.12.22.png (The system cannot find the path specified)
	at java.io.FileOutputStream.open0(Native Method)
	at java.io.FileOutputStream.open(Unknown Source)
	at java.io.FileOutputStream.<init>(Unknown Source)
	at java.io.FileOutputStream.<init>(Unknown Source)
	at org.openqa.selenium.io.FileHandler.copyFile(FileHandler.java:138)
	at org.openqa.selenium.io.FileHandler.copy(FileHandler.java:117)
	at testbase.TestBase.takescreenshots(TestBase.java:104)
	at commonmethods.Commonmethod.clickOnWebElement(Commonmethod.java:27)
	at pages.LogInpage.createAnAccount(LogInpage.java:12)
	at testcase.TC001_Create_an_Account.TC001_Create_An_Account(TC001_Create_an_Account.java:33)
	at sun.reflect.NativeMethodAccessorImpl.invoke0(Native Method)
	at sun.reflect.NativeMethodAccessorImpl.invoke(Unknown Source)
	at sun.reflect.DelegatingMethodAccessorImpl.invoke(Unknown Source)
	at java.lang.reflect.Method.invoke(Unknown Source)
	at org.testng.internal.MethodInvocationHelper.invokeMethod(MethodInvocationHelper.java:85)
	at org.testng.internal.Invoker.invokeMethod(Invoker.java:663)
	at org.testng.internal.Invoker.invokeTestMethod(Invoker.java:849)
	at org.testng.internal.Invoker.invokeTestMethods(Invoker.java:1157)
	at org.testng.internal.TestMethodWorker.invokeTestMethods(TestMethodWorker.java:124)
	at org.testng.internal.TestMethodWorker.run(TestMethodWorker.java:108)
	at org.testng.TestRunner.privateRun(TestRunner.java:771)
	at org.testng.TestRunner.run(TestRunner.java:621)
	at org.testng.SuiteRunner.runTest(SuiteRunner.java:357)
	at org.testng.SuiteRunner.runSequentially(SuiteRunner.java:352)
	at org.testng.SuiteRunner.privateRun(SuiteRunner.java:310)
	at org.testng.SuiteRunner.run(SuiteRunner.java:259)
	at org.testng.SuiteRunnerWorker.runSuite(SuiteRunnerWorker.java:52)
	at org.testng.SuiteRunnerWorker.run(SuiteRunnerWorker.java:86)
	at org.testng.TestNG.runSuitesSequentially(TestNG.java:1200)
	at org.testng.TestNG.runSuitesLocally(TestNG.java:1125)
	at org.testng.TestNG.run(TestNG.java:1033)
	at org.testng.remote.RemoteTestNG.run(RemoteTestNG.java:111)
	at org.testng.remote.RemoteTestNG.initAndRun(RemoteTestNG.java:204)
	at org.testng.remote.RemoteTestNG.main(RemoteTestNG.java:175)
]]>
            </full-stacktrace>
          </exception> <!-- java.io.FileNotFoundException -->
          <reporter-output>
          </reporter-output>
        </test-method> <!-- TC001_Create_An_Account -->
        <test-method status="PASS" signature="closebrowser()[pri:0, instance:testcase.TC001_Create_an_Account@70be0a2b]" name="closebrowser" is-config="true" duration-ms="3703" started-at="2019-09-30T12:12:22Z" finished-at="2019-09-30T12:12:26Z">
          <reporter-output>
          </reporter-output>
        </test-method> <!-- closebrowser -->
        <test-method status="PASS" signature="writeIntoExtentReport()[pri:0, instance:testcase.TC001_Create_an_Account@70be0a2b]" name="writeIntoExtentReport" is-config="true" duration-ms="248" started-at="2019-09-30T12:12:26Z" finished-at="2019-09-30T12:12:26Z">
          <reporter-output>
          </reporter-output>
        </test-method> <!-- writeIntoExtentReport -->
      </class> <!-- testcase.TC001_Create_an_Account -->
    </test> <!-- Default test -->
  </suite> <!-- Default suite -->
</testng-results>
